<?xml version="1.0" encoding="UTF-8"?>
<testng-results skipped="0" failed="0" ignored="0" total="1" passed="1">
  <reporter-output>
  </reporter-output>
  <suite name="Default suite" duration-ms="14646" started-at="2020-07-04T19:45:24 CDT" finished-at="2020-07-04T19:45:39 CDT">
    <groups>
    </groups>
    <test name="Default test" duration-ms="14646" started-at="2020-07-04T19:45:24 CDT" finished-at="2020-07-04T19:45:39 CDT">
      <class name="testng5.firefox">
        <test-method status="PASS" signature="element()[pri:0, instance:testng5.firefox@74294adb]" name="element" duration-ms="14583" started-at="2020-07-04T19:45:24 CDT" finished-at="2020-07-04T19:45:39 CDT">
          <reporter-output>
          </reporter-output>
        </test-method> <!-- element -->
      </class> <!-- testng5.firefox -->
    </test> <!-- Default test -->
  </suite> <!-- Default suite -->
</testng-results>
